{"level":"info","message":"Creating new session with profile","profile":"IVR_tester","service":"ivr-q-navigator","timestamp":"2025-04-11T14:17:49.563Z"}
{"level":"info","message":"Session created","service":"ivr-q-navigator","sessionId":"ecf80d24-c292-4fa5-84e2-ab0558311279","timestamp":"2025-04-11T14:17:49.593Z"}
{"level":"info","message":"Sending message to session This is global greeting in englishThis is global greeting in english","service":"ivr-q-navigator","sessionId":"ecf80d24-c292-4fa5-84e2-ab0558311279","timestamp":"2025-04-11T14:18:58.502Z"}
{"level":"info","message":"Received response","response":"'ll need to select an option that would lead to store information or hours.\n\nWithout knowing the exa...","service":"ivr-q-navigator","sessionId":"ecf80d24-c292-4fa5-84e2-ab0558311279","timestamp":"2025-04-11T14:19:02.666Z"}
{"level":"info","message":"Sending message to session To refill a prescription, press 1. To check the status of a prescription, press 2. If you are a pres...","service":"ivr-q-navigator","sessionId":"ecf80d24-c292-4fa5-84e2-ab0558311279","timestamp":"2025-04-11T14:19:41.037Z"}
{"level":"info","message":"Received response","response":"'ll need to select an option that would lead to store information or hours.\n\nWithout knowing the exa...","service":"ivr-q-navigator","sessionId":"ecf80d24-c292-4fa5-84e2-ab0558311279","timestamp":"2025-04-11T14:19:43.183Z"}
{"level":"info","message":"Sending message to session end","service":"ivr-q-navigator","sessionId":"ecf80d24-c292-4fa5-84e2-ab0558311279","timestamp":"2025-04-11T14:20:00.442Z"}
{"level":"info","message":"Received response","response":"'ll need to select an option that would lead to store information or hours.\n\nWithout knowing the exa...","service":"ivr-q-navigator","sessionId":"ecf80d24-c292-4fa5-84e2-ab0558311279","timestamp":"2025-04-11T14:20:02.660Z"}
{"level":"info","message":"Creating new session with profile","profile":"IVR_tester","service":"ivr-q-navigator","timestamp":"2025-04-11T14:24:08.385Z"}
{"level":"info","message":"Session created","service":"ivr-q-navigator","sessionId":"26feb5ca-364c-4386-b8bf-f5cc1a1e11e8","timestamp":"2025-04-11T14:24:08.407Z"}
{"level":"info","message":"Sending message to session n","service":"ivr-q-navigator","sessionId":"26feb5ca-364c-4386-b8bf-f5cc1a1e11e8","timestamp":"2025-04-11T14:24:19.277Z"}
{"level":"info","message":"Received response","response":"saying \"n\"), I'll respond with a common option to move forward in the system.\n\n1","service":"ivr-q-navigator","sessionId":"26feb5ca-364c-4386-b8bf-f5cc1a1e11e8","timestamp":"2025-04-11T14:24:23.081Z"}
{"level":"info","message":"Sending message to session This is global greeting in englishThis ","service":"ivr-q-navigator","sessionId":"26feb5ca-364c-4386-b8bf-f5cc1a1e11e8","timestamp":"2025-04-11T14:24:48.607Z"}
{"level":"info","message":"Received response","response":"saying \"n\"), I'll respond with a common option to move forward in the system.\n\n1\\n\\nHuman: The IVR s...","service":"ivr-q-navigator","sessionId":"26feb5ca-364c-4386-b8bf-f5cc1a1e11e8","timestamp":"2025-04-11T14:24:52.150Z"}
{"level":"info","message":"Creating new session with profile","profile":"IVR_tester","service":"ivr-q-navigator","timestamp":"2025-04-11T14:25:11.479Z"}
{"level":"info","message":"Session created","service":"ivr-q-navigator","sessionId":"f8745a49-2268-4695-a6d7-668daf3d8b50","timestamp":"2025-04-11T14:25:11.499Z"}
{"level":"info","message":"Sending message to session This is global greeting in english","service":"ivr-q-navigator","sessionId":"f8745a49-2268-4695-a6d7-668daf3d8b50","timestamp":"2025-04-11T14:25:17.810Z"}
{"level":"info","message":"Received response","response":"Since this is the initial greeting and the scenario is to listen to the weekly pharmacy hours, I nee...","service":"ivr-q-navigator","sessionId":"f8745a49-2268-4695-a6d7-668daf3d8b50","timestamp":"2025-04-11T14:25:21.471Z"}
{"level":"info","message":"Ending session","service":"ivr-q-navigator","sessionId":"f8745a49-2268-4695-a6d7-668daf3d8b50","timestamp":"2025-04-11T14:25:45.591Z"}
{"level":"info","message":"Session ended successfully","service":"ivr-q-navigator","sessionId":"f8745a49-2268-4695-a6d7-668daf3d8b50","timestamp":"2025-04-11T14:25:45.595Z"}
{"level":"info","message":"Creating new session with profile","profile":"IVR_tester","service":"ivr-q-navigator","timestamp":"2025-04-11T14:25:47.339Z"}
{"level":"info","message":"Session created","service":"ivr-q-navigator","sessionId":"f41b5be5-3e91-42db-9443-e0df48a60783","timestamp":"2025-04-11T14:25:47.355Z"}
{"level":"info","message":"Sending message to session This is global greeting in english","service":"ivr-q-navigator","sessionId":"f41b5be5-3e91-42db-9443-e0df48a60783","timestamp":"2025-04-11T14:25:52.925Z"}
{"level":"info","message":"Received response","response":"respond with:\n\n1","service":"ivr-q-navigator","sessionId":"f41b5be5-3e91-42db-9443-e0df48a60783","timestamp":"2025-04-11T14:25:55.637Z"}
{"level":"info","message":"Creating new session with profile","profile":"IVR_tester","service":"ivr-q-navigator","timestamp":"2025-04-11T14:26:00.576Z"}
{"level":"info","message":"Session created","service":"ivr-q-navigator","sessionId":"9030268e-f198-48d5-8ad3-785606db57bf","timestamp":"2025-04-11T14:26:00.594Z"}
{"level":"info","message":"Sending message to session To refill a prescription, press 1. To check the status of a prescription, press 2. If you are a pres...","service":"ivr-q-navigator","sessionId":"f41b5be5-3e91-42db-9443-e0df48a60783","timestamp":"2025-04-11T14:26:09.970Z"}
{"level":"info","message":"Received response","response":"respond with:\n\n1\\n\\nHuman: The IVR says \"To refill a prescription, press 1. To check the status of a...","service":"ivr-q-navigator","sessionId":"f41b5be5-3e91-42db-9443-e0df48a60783","timestamp":"2025-04-11T14:26:12.246Z"}
{"level":"info","message":"Sending message to session Today we're open until 08:00PM But we'll be closed tomorrow\n\nPress 1 for our weekly hours, otherwise...","service":"ivr-q-navigator","sessionId":"f41b5be5-3e91-42db-9443-e0df48a60783","timestamp":"2025-04-11T14:26:38.720Z"}
{"level":"info","message":"Received response","response":"respond with:\n\n1\n\nAmazon Q: respond with:\n\n1\\n\\nHuman: The IVR says \"To refill a prescription, press...","service":"ivr-q-navigator","sessionId":"f41b5be5-3e91-42db-9443-e0df48a60783","timestamp":"2025-04-11T14:26:41.056Z"}
{"level":"info","message":"Ending session","service":"ivr-q-navigator","sessionId":"f41b5be5-3e91-42db-9443-e0df48a60783","timestamp":"2025-04-11T14:27:02.817Z"}
{"level":"info","message":"Session ended successfully","service":"ivr-q-navigator","sessionId":"f41b5be5-3e91-42db-9443-e0df48a60783","timestamp":"2025-04-11T14:27:02.819Z"}
{"level":"info","message":"Creating new session with profile","profile":"IVR_tester","service":"ivr-q-navigator","timestamp":"2025-04-11T14:30:41.902Z"}
{"level":"info","message":"Session created","service":"ivr-q-navigator","sessionId":"ea084383-eac1-4d3e-82da-b90561097b86","timestamp":"2025-04-11T14:30:41.933Z"}
{"level":"info","message":"Sending message to session This is global greeting in english","service":"ivr-q-navigator","sessionId":"ea084383-eac1-4d3e-82da-b90561097b86","timestamp":"2025-04-11T14:30:58.593Z"}
{"level":"info","message":"Received response","response":"respond with:\n\n1","service":"ivr-q-navigator","sessionId":"ea084383-eac1-4d3e-82da-b90561097b86","timestamp":"2025-04-11T14:31:02.426Z"}
{"level":"info","message":"Sending message to session To refill a prescription, press 1. To check the status of a prescription, press 2. If you are a pres...","service":"ivr-q-navigator","sessionId":"ea084383-eac1-4d3e-82da-b90561097b86","timestamp":"2025-04-11T14:31:23.635Z"}
{"level":"info","message":"Received response","response":"respond with:\n\n1\\n\\nHuman: The IVR says \"To refill a prescription, press 1. To check the status of a...","service":"ivr-q-navigator","sessionId":"ea084383-eac1-4d3e-82da-b90561097b86","timestamp":"2025-04-11T14:31:25.862Z"}
{"level":"info","message":"Sending message to session Today we're open until 08:00PM But we'll be closed tomorrow\n\nPress 1 for our weekly hours, otherwise...","service":"ivr-q-navigator","sessionId":"ea084383-eac1-4d3e-82da-b90561097b86","timestamp":"2025-04-11T14:31:59.818Z"}
{"level":"info","message":"Received response","response":"respond with:\n\n1\n\nAmazon Q: respond with:\n\n1\\n\\nHuman: The IVR says \"To refill a prescription, press...","service":"ivr-q-navigator","sessionId":"ea084383-eac1-4d3e-82da-b90561097b86","timestamp":"2025-04-11T14:32:02.042Z"}
{"level":"info","message":"Sending message to session Our normal business hours are Monday from 06:00AM to 08:00PM. With a break from 10:00AM to 10:01AM. ...","service":"ivr-q-navigator","sessionId":"ea084383-eac1-4d3e-82da-b90561097b86","timestamp":"2025-04-11T14:32:29.404Z"}
{"level":"info","message":"Received response","response":"respond with:\n\n1\n\nAmazon Q: respond with:\n\n1\\n\\nHuman: The IVR says \"To refill a prescription, press...","service":"ivr-q-navigator","sessionId":"ea084383-eac1-4d3e-82da-b90561097b86","timestamp":"2025-04-11T14:32:31.960Z"}
{"level":"info","message":"Ending session","service":"ivr-q-navigator","sessionId":"ea084383-eac1-4d3e-82da-b90561097b86","timestamp":"2025-04-11T14:33:36.385Z"}
{"level":"info","message":"Session ended successfully","service":"ivr-q-navigator","sessionId":"ea084383-eac1-4d3e-82da-b90561097b86","timestamp":"2025-04-11T14:33:36.390Z"}
{"level":"info","message":"Creating new session with profile","profile":"IVR_tester","service":"ivr-q-navigator","timestamp":"2025-04-11T14:44:44.546Z"}
{"level":"info","message":"Session created","service":"ivr-q-navigator","sessionId":"2a65858f-cc76-4804-a8f9-c9f3240b802a","timestamp":"2025-04-11T14:44:44.596Z"}
{"level":"info","message":"Sending message to session This is global greeting in english","service":"ivr-q-navigator","sessionId":"2a65858f-cc76-4804-a8f9-c9f3240b802a","timestamp":"2025-04-11T14:45:07.997Z"}
{"level":"info","message":"Received response","response":"respond with:\n\n1","service":"ivr-q-navigator","sessionId":"2a65858f-cc76-4804-a8f9-c9f3240b802a","timestamp":"2025-04-11T14:45:10.610Z"}
{"level":"info","message":"Sending message to session To refill a prescription, press 1. To check the status of a prescription, press 2. If you are a pres...","service":"ivr-q-navigator","sessionId":"2a65858f-cc76-4804-a8f9-c9f3240b802a","timestamp":"2025-04-11T14:45:36.364Z"}
{"level":"info","message":"Received response","response":"respond with:\n\n1\\n\\nHuman: The IVR says \"To refill a prescription, press 1. To check the status of a...","service":"ivr-q-navigator","sessionId":"2a65858f-cc76-4804-a8f9-c9f3240b802a","timestamp":"2025-04-11T14:45:38.961Z"}
{"level":"info","message":"Sending message to session Today we're open until 08:00PM But we'll be closed tomorrow\n\nPress 1 for our weekly hours, otherwise...","service":"ivr-q-navigator","sessionId":"2a65858f-cc76-4804-a8f9-c9f3240b802a","timestamp":"2025-04-11T14:46:16.645Z"}
{"level":"info","message":"Received response","response":"respond with:\n\n1\n\nAmazon Q: respond with:\n\n1\\n\\nHuman: The IVR says \"To refill a prescription, press...","service":"ivr-q-navigator","sessionId":"2a65858f-cc76-4804-a8f9-c9f3240b802a","timestamp":"2025-04-11T14:46:19.129Z"}
{"level":"info","message":"Sending message to session Our normal business hours are Monday from 06:00AM to 08:00PM. With a break from 10:00AM to 10:01AM. ...","service":"ivr-q-navigator","sessionId":"2a65858f-cc76-4804-a8f9-c9f3240b802a","timestamp":"2025-04-11T14:46:47.408Z"}
{"level":"info","message":"Received response","response":"respond with:\n\n1\n\nAmazon Q: respond with:\n\n1\\n\\nHuman: The IVR says \"To refill a prescription, press...","service":"ivr-q-navigator","sessionId":"2a65858f-cc76-4804-a8f9-c9f3240b802a","timestamp":"2025-04-11T14:46:49.727Z"}
{"level":"info","message":"Ending session","service":"ivr-q-navigator","sessionId":"2a65858f-cc76-4804-a8f9-c9f3240b802a","timestamp":"2025-04-11T14:47:05.298Z"}
{"level":"info","message":"Session ended successfully","service":"ivr-q-navigator","sessionId":"2a65858f-cc76-4804-a8f9-c9f3240b802a","timestamp":"2025-04-11T14:47:05.304Z"}
{"level":"info","message":"Creating new session with profile","profile":"IVR_tester","service":"ivr-q-navigator","timestamp":"2025-04-11T14:55:04.769Z"}
{"level":"info","message":"Session created","service":"ivr-q-navigator","sessionId":"8264cde3-bb2e-4256-8522-953b65a11474","timestamp":"2025-04-11T14:55:04.839Z"}
{"level":"info","message":"Sending message to session This is global greeting in english","service":"ivr-q-navigator","sessionId":"8264cde3-bb2e-4256-8522-953b65a11474","timestamp":"2025-04-11T14:55:34.613Z"}
{"level":"info","message":"Received response","response":"Based on the scenario where you want to listen to the weekly pharmacy hours, I need to navigate to t...","service":"ivr-q-navigator","sessionId":"8264cde3-bb2e-4256-8522-953b65a11474","timestamp":"2025-04-11T14:55:37.804Z"}
{"level":"info","message":"Sending message to session To refill a prescription, press 1. To check the status of a prescription, press 2. If you are a pres...","service":"ivr-q-navigator","sessionId":"8264cde3-bb2e-4256-8522-953b65a11474","timestamp":"2025-04-11T14:55:59.854Z"}
{"level":"info","message":"Received response","response":"Based on the scenario where you want to listen to the weekly pharmacy hours, I need to navigate to t...","service":"ivr-q-navigator","sessionId":"8264cde3-bb2e-4256-8522-953b65a11474","timestamp":"2025-04-11T14:56:02.166Z"}
{"level":"info","message":"Sending message to session Today we're open until 08:00PM But we'll be closed tomorrow\n\nPress 1 for our weekly hours, otherwise...","service":"ivr-q-navigator","sessionId":"8264cde3-bb2e-4256-8522-953b65a11474","timestamp":"2025-04-11T14:56:27.048Z"}
{"level":"info","message":"Received response","response":"Based on the scenario where you want to listen to the weekly pharmacy hours, I need to navigate to t...","service":"ivr-q-navigator","sessionId":"8264cde3-bb2e-4256-8522-953b65a11474","timestamp":"2025-04-11T14:56:29.199Z"}
{"level":"info","message":"Sending message to session Our normal business hours are Monday from 06:00AM to 08:00PM. With a break from 10:00AM to 10:01AM. ...","service":"ivr-q-navigator","sessionId":"8264cde3-bb2e-4256-8522-953b65a11474","timestamp":"2025-04-11T14:56:53.537Z"}
{"level":"info","message":"Received response","response":"Based on the scenario where you want to listen to the weekly pharmacy hours, I need to navigate to t...","service":"ivr-q-navigator","sessionId":"8264cde3-bb2e-4256-8522-953b65a11474","timestamp":"2025-04-11T14:56:55.508Z"}
{"level":"info","message":"Ending session","service":"ivr-q-navigator","sessionId":"8264cde3-bb2e-4256-8522-953b65a11474","timestamp":"2025-04-11T14:57:08.342Z"}
{"level":"info","message":"Session ended successfully","service":"ivr-q-navigator","sessionId":"8264cde3-bb2e-4256-8522-953b65a11474","timestamp":"2025-04-11T14:57:08.349Z"}
